<?xml version="1.0" encoding="UTF-8"?>
<!-- Generated by org.testng.reporters.JUnitReportReporter -->
<testsuite hostname="Antaninas-MacBook-Pro.local" name="com.polymer.test.AMenOuterwearListVerifyTest" tests="1" failures="0" timestamp="17 Feb 2017 09:48:32 GMT" time="5.958" errors="0">
  <testcase name="verifyListOfItems" time="5.958" classname="com.polymer.test.AMenOuterwearListVerifyTest"/>
</testsuite> <!-- com.polymer.test.AMenOuterwearListVerifyTest -->
