<?xml version="1.0" encoding="UTF-8"?>
<!-- Generated by org.testng.reporters.JUnitReportReporter -->
<testsuite hostname="Antaninas-MacBook-Pro.local" name="com.polymer.test.CAddItemsToCartTest" tests="1" failures="0" timestamp="17 Feb 2017 09:48:27 GMT" time="19.854" errors="0">
  <testcase name="addItemsToTheCart" time="19.854" classname="com.polymer.test.CAddItemsToCartTest"/>
</testsuite> <!-- com.polymer.test.CAddItemsToCartTest -->
