<?xml version="1.0" encoding="UTF-8"?>
<!-- Generated by org.testng.reporters.JUnitReportReporter -->
<testsuite hostname="Antaninas-MacBook-Pro.local" name="com.polymer.test.BLadiesOuterwearListVerifyTest" tests="1" failures="0" timestamp="17 Feb 2017 09:47:47 GMT" time="7.766" errors="0">
  <testcase name="verifyLadiesListOfItems" time="7.766" classname="com.polymer.test.BLadiesOuterwearListVerifyTest"/>
</testsuite> <!-- com.polymer.test.BLadiesOuterwearListVerifyTest -->
